<?xml version="1.0" encoding="UTF-8"?>
<testng-results ignored="0" total="1" passed="1" failed="0" skipped="0">
  <reporter-output>
  </reporter-output>
  <suite started-at="2021-12-30T12:48:25 IST" name="Default suite" finished-at="2021-12-30T12:48:32 IST" duration-ms="6960">
    <groups>
    </groups>
    <test started-at="2021-12-30T12:48:25 IST" name="Default test" finished-at="2021-12-30T12:48:32 IST" duration-ms="6960">
      <class name="com.test.Test99GuruLogin">
        <test-method is-config="true" signature="setup()[pri:0, instance:com.test.Test99GuruLogin@1de76cc7]" started-at="2021-12-30T12:48:25 IST" name="setup" finished-at="2021-12-30T12:48:30 IST" duration-ms="5256" status="PASS">
          <reporter-output>
          </reporter-output>
        </test-method> <!-- setup -->
        <test-method signature="test_Home_Page_Appear_Correct()[pri:0, instance:com.test.Test99GuruLogin@1de76cc7]" started-at="2021-12-30T12:48:30 IST" name="test_Home_Page_Appear_Correct" finished-at="2021-12-30T12:48:32 IST" duration-ms="1665" status="PASS">
          <reporter-output>
          </reporter-output>
        </test-method> <!-- test_Home_Page_Appear_Correct -->
      </class> <!-- com.test.Test99GuruLogin -->
    </test> <!-- Default test -->
  </suite> <!-- Default suite -->
</testng-results>
